<?xml version="1.0" encoding="UTF-8"?>
<!-- Generated by org.testng.reporters.JUnitXMLReporter -->
<testsuite hostname="Mariappans-MBP" ignored="0" name="Appium first anroid test" tests="2" failures="0" timestamp="17 Mar 2018 17:46:04 GMT" time="26.193" errors="0">
  <testcase name="Sum" time="4.728" classname="com.qa.Appium.Calculator.FirstAppiumTest"/>
  <testcase name="Multiply" time="4.307" classname="com.qa.Appium.Calculator.FirstAppiumTest"/>
</testsuite> <!-- Appium first anroid test -->
