<?xml version="1.0" encoding="UTF-8"?>
<testng-results skipped="0" failed="0" ignored="0" total="2" passed="2">
  <reporter-output>
  </reporter-output>
  <suite name="Andriod" duration-ms="26193" started-at="2018-03-17T17:45:37Z" finished-at="2018-03-17T17:46:04Z">
    <groups>
      <group name="simple">
        <method signature="FirstAppiumTest.Multiply()[pri:2, instance:com.qa.Appium.Calculator.FirstAppiumTest@6500df86]" name="Multiply" class="com.qa.Appium.Calculator.FirstAppiumTest"/>
        <method signature="FirstAppiumTest.Sum()[pri:1, instance:com.qa.Appium.Calculator.FirstAppiumTest@6500df86]" name="Sum" class="com.qa.Appium.Calculator.FirstAppiumTest"/>
      </group> <!-- simple -->
    </groups>
    <test name="Appium first anroid test" duration-ms="26193" started-at="2018-03-17T17:45:37Z" finished-at="2018-03-17T17:46:04Z">
      <class name="com.qa.Appium.Calculator.FirstAppiumTest">
        <test-method status="PASS" signature="setUp()[pri:0, instance:com.qa.Appium.Calculator.FirstAppiumTest@6500df86]" name="setUp" is-config="true" duration-ms="14897" started-at="2018-03-18T01:45:37Z" finished-at="2018-03-18T01:45:52Z">
          <reporter-output>
          </reporter-output>
        </test-method> <!-- setUp -->
        <test-method status="PASS" signature="Sum()[pri:1, instance:com.qa.Appium.Calculator.FirstAppiumTest@6500df86]" name="Sum" duration-ms="4728" started-at="2018-03-18T01:45:52Z" finished-at="2018-03-18T01:45:57Z">
          <reporter-output>
          </reporter-output>
        </test-method> <!-- Sum -->
        <test-method status="PASS" signature="Multiply()[pri:2, instance:com.qa.Appium.Calculator.FirstAppiumTest@6500df86]" name="Multiply" duration-ms="4307" started-at="2018-03-18T01:45:57Z" finished-at="2018-03-18T01:46:01Z">
          <reporter-output>
          </reporter-output>
        </test-method> <!-- Multiply -->
        <test-method status="PASS" signature="End()[pri:0, instance:com.qa.Appium.Calculator.FirstAppiumTest@6500df86]" name="End" is-config="true" duration-ms="2237" started-at="2018-03-18T01:46:01Z" finished-at="2018-03-18T01:46:04Z">
          <reporter-output>
          </reporter-output>
        </test-method> <!-- End -->
      </class> <!-- com.qa.Appium.Calculator.FirstAppiumTest -->
    </test> <!-- Appium first anroid test -->
  </suite> <!-- Andriod -->
</testng-results>
